<?xml version="1.0" encoding="UTF-8"?>
<!-- Generated by org.testng.reporters.JUnitXMLReporter -->
<testsuite hostname="Sandunis-MacBook-Air.local" failures="0" tests="4" name="Command line test 0f170096-126d-4b54-911c-0619c541b0d4" time="0.003" errors="0" timestamp="9 Sep 2024 10:44:32 GMT">
  <testcase classname="org.testing.testScripts.TC4" name="@BeforeSuite setupSuite" time="0.0">
    <failure type="java.lang.NullPointerException" message="Cannot invoke &amp;quot;org.openqa.selenium.chrome.ChromeDriver.get(String)&amp;quot; because &amp;quot;this.driver&amp;quot; is null">
      <![CDATA[java.lang.NullPointerException: Cannot invoke "org.openqa.selenium.chrome.ChromeDriver.get(String)" because "this.driver" is null
	at org.testing.Base.Base.setupSuite(Base.java:30)
	at org.testing.trigger.runner.main(runner.java:69)
... Removed 15 stack frames]]>
    </failure>
  </testcase>
  <testcase classname="org.testing.testScripts.TC1" name="@BeforeMethod init" time="0.0">
    <skipped/>
  </testcase>
  <testcase classname="org.testing.testScripts.TC1" name="@AfterMethod closure" time="0.0">
    <skipped/>
  </testcase>
  <testcase classname="org.testing.testScripts.TC2" name="@BeforeMethod init" time="0.0">
    <skipped/>
  </testcase>
  <testcase classname="org.testing.testScripts.TC2" name="@AfterMethod closure" time="0.0">
    <skipped/>
  </testcase>
  <testcase classname="org.testing.testScripts.TC3" name="@BeforeMethod init" time="0.0">
    <skipped/>
  </testcase>
  <testcase classname="org.testing.testScripts.TC3" name="@AfterMethod closure" time="0.0">
    <skipped/>
  </testcase>
  <testcase classname="org.testing.testScripts.TC4" name="@BeforeMethod init" time="0.0">
    <skipped/>
  </testcase>
  <testcase classname="org.testing.testScripts.TC4" name="@AfterMethod closure" time="0.0">
    <skipped/>
  </testcase>
  <testcase classname="org.testing.testScripts.TC1" name="testcase1" time="0.0">
    <skipped/>
  </testcase>
  <testcase classname="org.testing.testScripts.TC2" name="testcase2" time="0.0">
    <skipped/>
  </testcase>
  <testcase classname="org.testing.testScripts.TC3" name="testcase3" time="0.0">
    <skipped/>
  </testcase>
  <testcase classname="org.testing.testScripts.TC4" name="testcase4" time="0.0">
    <skipped/>
  </testcase>
</testsuite>
