<?xml version="1.0" encoding="UTF-8"?>
<!-- Generated by org.testng.reporters.JUnitXMLReporter -->
<testsuite hostname="Sandunis-MacBook-Air.local" failures="0" tests="4" name="Command line test 28a2ebfb-578f-4f4a-a49c-495d0a7d6f71" time="0.005" errors="0" timestamp="2 Sep 2024 05:56:27 GMT">
  <testcase classname="org.testing.testScripts.TC1" name="@BeforeMethod init" time="0.0">
    <failure type="java.io.FileNotFoundException" message="../YouTubeAutomationFramework/object.properties (No such file or directory)">
      <![CDATA[java.io.FileNotFoundException: ../YouTubeAutomationFramework/object.properties (No such file or directory)
	at java.base/java.io.FileInputStream.open0(Native Method)
	at java.base/java.io.FileInputStream.open(FileInputStream.java:216)
	at java.base/java.io.FileInputStream.<init>(FileInputStream.java:157)
	at java.base/java.io.FileReader.<init>(FileReader.java:75)
	at org.testing.Base.Base.init(Base.java:30)
	at org.testing.trigger.runner.main(runner.java:69)
... Removed 23 stack frames]]>
    </failure>
  </testcase>
  <testcase classname="org.testing.testScripts.TC1" name="@AfterMethod closure" time="0.0">
    <skipped/>
  </testcase>
  <testcase classname="org.testing.testScripts.TC2" name="@BeforeMethod init" time="0.0">
    <skipped/>
  </testcase>
  <testcase classname="org.testing.testScripts.TC2" name="@AfterMethod closure" time="0.0">
    <skipped/>
  </testcase>
  <testcase classname="org.testing.testScripts.TC3" name="@BeforeMethod init" time="0.0">
    <skipped/>
  </testcase>
  <testcase classname="org.testing.testScripts.TC3" name="@AfterMethod closure" time="0.0">
    <skipped/>
  </testcase>
  <testcase classname="org.testing.testScripts.TC4" name="@BeforeMethod init" time="0.0">
    <skipped/>
  </testcase>
  <testcase classname="org.testing.testScripts.TC4" name="@AfterMethod closure" time="0.0">
    <skipped/>
  </testcase>
  <testcase classname="org.testing.testScripts.TC1" name="testcase1" time="0.0">
    <skipped/>
  </testcase>
  <testcase classname="org.testing.testScripts.TC2" name="testcase2" time="0.0">
    <skipped/>
  </testcase>
  <testcase classname="org.testing.testScripts.TC3" name="testcase3" time="0.0">
    <skipped/>
  </testcase>
  <testcase classname="org.testing.testScripts.TC4" name="testcase4" time="0.0">
    <skipped/>
  </testcase>
</testsuite>
